*ERROR* 	2014/11/13 - 11:17:42: Unknown table 'ps_quotes_product'<br /><br /><pre>DROP TABLE `ps_quotes_product`</pre> at line 635 in file classes/db/Db.php
*ERROR* 	2014/11/13 - 11:32:29: Template 'submited_quotes.tpl' not found at line 60 in file classes/controller/ModuleFrontController.php
*ERROR* 	2014/11/13 - 11:32:44: Template 'submited_quotes.tpl' not found at line 60 in file classes/controller/ModuleFrontController.php
*ERROR* 	2014/11/13 - 11:34:18: Template 'submited_quotes.tpl' not found at line 60 in file classes/controller/ModuleFrontController.php
*ERROR* 	2014/11/13 - 11:35:53: Template 'submited_quotes.tpl' not found at line 60 in file classes/controller/ModuleFrontController.php
*ERROR* 	2014/11/13 - 11:36:42: Template 'submited_quotes.tpl' not found at line 60 in file classes/controller/ModuleFrontController.php
*ERROR* 	2014/11/13 - 11:37:51: Template 'submited_quotes.tpl' not found at line 60 in file classes/controller/ModuleFrontController.php
*ERROR* 	2014/11/13 - 11:41:25: Template 'submited_quotes.tpl' not found at line 60 in file classes/controller/ModuleFrontController.php
*ERROR* 	2014/11/13 - 11:42:05: Template 'submited_quotes.tpl' not found at line 60 in file classes/controller/ModuleFrontController.php
*ERROR* 	2014/11/13 - 11:48:20: Template 'submited_quotes.tpl' not found at line 60 in file classes/controller/ModuleFrontController.php
*ERROR* 	2014/11/13 - 11:51:43: Template 'submited_quotes.tpl' not found at line 60 in file classes/controller/ModuleFrontController.php
*ERROR* 	2014/11/13 - 12:01:55: Template 'submited_quotes.tpl' not found at line 60 in file classes/controller/ModuleFrontController.php
*ERROR* 	2014/11/13 - 12:02:13: Template 'submited_quotes.tpl' not found at line 60 in file classes/controller/ModuleFrontController.php
*ERROR* 	2014/11/13 - 12:02:46: Template 'submited_quotes.tpl' not found at line 60 in file classes/controller/ModuleFrontController.php
*ERROR* 	2014/11/13 - 12:03:12: Template 'submited_quotes.tpl' not found at line 60 in file classes/controller/ModuleFrontController.php
*ERROR* 	2014/11/13 - 15:56:40: Unknown table 'ps_quotes_bargains'<br /><br /><pre>DROP TABLE `ps_quotes_bargains`</pre> at line 635 in file classes/db/Db.php
*ERROR* 	2014/11/13 - 16:52:45: Identifier or table format not valid for class QuotesBargains at line 194 in file classes/ObjectModel.php
*ERROR* 	2014/11/13 - 16:54:11: Identifier or table format not valid for class QuotesBargains at line 194 in file classes/ObjectModel.php
*ERROR* 	2014/11/13 - 18:22:01: Unknown column 'id_customer' in 'where clause'<br /><br /><pre>SELECT * FROM `ps_quotes` WHERE `id_customer` = 31</pre> at line 635 in file classes/db/Db.php
*ERROR* 	2014/11/13 - 18:26:03: Unknown column 'id_customer' in 'where clause'<br /><br /><pre>SELECT * FROM `ps_quotes` WHERE `id_customer` = 31</pre> at line 635 in file classes/db/Db.php
*ERROR* 	2014/11/13 - 18:27:49: Invalid date at line 663 in file classes/Tools.php
*ERROR* 	2014/11/13 - 18:28:43: Invalid date at line 663 in file classes/Tools.php
*ERROR* 	2014/11/13 - 18:29:56: Invalid date at line 663 in file classes/Tools.php
*ERROR* 	2014/11/13 - 18:31:04: Invalid date at line 663 in file classes/Tools.php
*ERROR* 	2014/11/13 - 18:31:29: Invalid date at line 663 in file classes/Tools.php
*ERROR* 	2014/11/13 - 18:32:40: Invalid date at line 663 in file classes/Tools.php
*ERROR* 	2014/11/13 - 18:32:57: Unknown column 'id_customer' in 'where clause'<br /><br /><pre>SELECT * FROM `ps_quotes` WHERE `id_customer` = 31</pre> at line 635 in file classes/db/Db.php
